<?xml version="1.0" encoding="UTF-8"?>
<!-- Generated by org.testng.reporters.JUnitXMLReporter -->
<testsuite ignored="0" hostname="LTIN208678" failures="0" tests="8" name="Default test" time="0.232" errors="0" timestamp="2024-02-24T14:56:36 IST">
  <testcase classname="testBase.BaseClass" name="@BeforeClass setUp" time="-1.708766796218E9">
    <failure type="org.testng.TestNGException" message="
Can inject only one of &amp;lt;ITestContext, XmlTest&amp;gt; into a @BeforeClass annotated setUp.
For more information on native dependency injection please refer to https://testng.org/doc/documentation-main.html#native-dependency-injection">
      <![CDATA[org.testng.TestNGException: 
Can inject only one of <ITestContext, XmlTest> into a @BeforeClass annotated setUp.
For more information on native dependency injection please refer to https://testng.org/doc/documentation-main.html#native-dependency-injection
at org.testng.internal.Parameters.checkParameterTypes(Parameters.java:439)
at org.testng.internal.Parameters.createParametersForMethod(Parameters.java:353)
at org.testng.internal.Parameters.createParameters(Parameters.java:708)
at org.testng.internal.Parameters.createConfigurationParameters(Parameters.java:168)
at org.testng.internal.ConfigInvoker.invokeConfigurations(ConfigInvoker.java:302)
at org.testng.internal.TestMethodWorker.invokeBeforeClassMethods(TestMethodWorker.java:176)
at org.testng.internal.TestMethodWorker.run(TestMethodWorker.java:122)
at java.base/java.util.ArrayList.forEach(ArrayList.java:1511)
at org.testng.TestRunner.privateRun(TestRunner.java:794)
at org.testng.TestRunner.run(TestRunner.java:596)
at org.testng.SuiteRunner.runTest(SuiteRunner.java:377)
at org.testng.SuiteRunner.runSequentially(SuiteRunner.java:371)
at org.testng.SuiteRunner.privateRun(SuiteRunner.java:332)
at org.testng.SuiteRunner.run(SuiteRunner.java:276)
at org.testng.SuiteRunnerWorker.runSuite(SuiteRunnerWorker.java:53)
at org.testng.SuiteRunnerWorker.run(SuiteRunnerWorker.java:96)
at org.testng.TestNG.runSuitesSequentially(TestNG.java:1212)
at org.testng.TestNG.runSuitesLocally(TestNG.java:1134)
at org.testng.TestNG.runSuites(TestNG.java:1063)
at org.testng.TestNG.run(TestNG.java:1031)
at org.testng.remote.AbstractRemoteTestNG.run(AbstractRemoteTestNG.java:115)
at org.testng.remote.RemoteTestNG.initAndRun(RemoteTestNG.java:251)
at org.testng.remote.RemoteTestNG.main(RemoteTestNG.java:77)
]]>
    </failure>
  </testcase> <!-- @BeforeClass setUp -->
  <testcase classname="testBase.BaseClass" name="@AfterClass tearDown" time="-1.708766796379E9">
    <skipped/>
  </testcase> <!-- @AfterClass tearDown -->
  <testcase classname="testCases.TC_01_Dentist" name="location" time="0.0">
    <skipped/>
  </testcase> <!-- location -->
  <testcase classname="testCases.TC_01_Dentist" name="patientFilter" time="0.0">
    <skipped/>
  </testcase> <!-- patientFilter -->
  <testcase classname="testCases.TC_01_Dentist" name="experienceFilter" time="0.0">
    <skipped/>
  </testcase> <!-- experienceFilter -->
  <testcase classname="testCases.TC_01_Dentist" name="allFilters" time="0.0">
    <skipped/>
  </testcase> <!-- allFilters -->
  <testcase classname="testCases.TC_01_Dentist" name="feesFilter" time="0.0">
    <skipped/>
  </testcase> <!-- feesFilter -->
  <testcase classname="testCases.TC_01_Dentist" name="sortFilter" time="0.0">
    <skipped/>
  </testcase> <!-- sortFilter -->
  <testcase classname="testCases.TC_01_Dentist" name="availableFilter" time="0.0">
    <skipped/>
  </testcase> <!-- availableFilter -->
  <testcase classname="testCases.TC_01_Dentist" name="displayDoctorInfo" time="0.0">
    <skipped/>
  </testcase> <!-- displayDoctorInfo -->
</testsuite> <!-- Default test -->
