<?xml version="1.0" encoding="UTF-8"?>
<!-- Generated by org.testng.reporters.JUnitXMLReporter -->
<testsuite ignored="4" hostname="LTIN208678" failures="0" tests="15" name="ChromeTest" time="140.827" errors="0" timestamp="2024-02-28T06:26:47 IST">
  <testcase classname="testCases.TC_01_DoctorTest" name="location" time="15.843"/>
  <testcase classname="testCases.TC_01_DoctorTest" name="patientFilter" time="3.477"/>
  <testcase classname="testCases.TC_01_DoctorTest" name="experienceFilter" time="5.585"/>
  <testcase classname="testCases.TC_01_DoctorTest" name="allFilters" time="2.346"/>
  <testcase classname="testCases.TC_01_DoctorTest" name="feesFilter" time="2.105"/>
  <testcase classname="testCases.TC_01_DoctorTest" name="sortFilter" time="4.795"/>
  <testcase classname="testCases.TC_01_DoctorTest" name="availableFilter" time="4.362"/>
  <testcase classname="testCases.TC_01_DoctorTest" name="displayDoctorInfo" time="4.615"/>
  <testcase classname="testCases.TC_02_SurgeryTest" name="navigateToSurgeries" time="4.87"/>
  <testcase classname="testCases.TC_02_SurgeryTest" name="displaySurgeryElements" time="24.13"/>
  <testcase classname="testCases.TC_03_HealthTest" name="navigateToHospital" time="7.351"/>
  <testcase classname="testCases.TC_03_HealthTest" name="negativeTesting" time="7.119"/>
  <testcase classname="testCases.TC_03_HealthTest" name="positiveTesting" time="22.135"/>
  <testcase classname="testCases.TC_03_HealthTest" name="displayResponse" time="0.338"/>
  <testcase classname="testCases.TC_03_HealthTest" name="displayAddResponse" time="1.097"/>
  <testcase classname="testBase.BaseClass" name="@AfterTest tearDown" time="0.0">
    <ignored/>
  </testcase> <!-- @AfterTest tearDown -->
  <testcase classname="testBase.BaseClass" name="@AfterTest tearDown" time="0.0">
    <ignored/>
  </testcase> <!-- @AfterTest tearDown -->
  <testcase classname="testBase.BaseClass" name="@BeforeTest initializeBrowser" time="0.0">
    <ignored/>
  </testcase> <!-- @BeforeTest initializeBrowser -->
  <testcase classname="testBase.BaseClass" name="@BeforeTest initializeBrowser" time="0.0">
    <ignored/>
  </testcase> <!-- @BeforeTest initializeBrowser -->
</testsuite> <!-- ChromeTest -->
