<?xml version="1.0" encoding="UTF-8"?>
<!-- Generated by org.testng.reporters.JUnitXMLReporter -->
<testsuite ignored="4" hostname="LTIN208678" failures="0" tests="15" name="EdgeTest" time="138.976" errors="0" timestamp="2024-02-25T09:06:51 IST">
  <testcase classname="testCases.TC_01_Dentist" name="location" time="12.242"/>
  <testcase classname="testCases.TC_01_Dentist" name="patientFilter" time="3.532"/>
  <testcase classname="testCases.TC_01_Dentist" name="experienceFilter" time="5.626"/>
  <testcase classname="testCases.TC_01_Dentist" name="allFilters" time="2.076"/>
  <testcase classname="testCases.TC_01_Dentist" name="feesFilter" time="2.134"/>
  <testcase classname="testCases.TC_01_Dentist" name="sortFilter" time="2.957"/>
  <testcase classname="testCases.TC_01_Dentist" name="availableFilter" time="4.228"/>
  <testcase classname="testCases.TC_01_Dentist" name="displayDoctorInfo" time="2.212"/>
  <testcase classname="testCases.TC_02_Surgery" name="navigateToSurgeries" time="5.124"/>
  <testcase classname="testCases.TC_02_Surgery" name="displaySurgeryElements" time="33.808"/>
  <testcase classname="testCases.TC_03_Health" name="navigateToHospital" time="6.043"/>
  <testcase classname="testCases.TC_03_Health" name="negativeTesting" time="3.068"/>
  <testcase classname="testCases.TC_03_Health" name="positiveTesting" time="20.599"/>
  <testcase classname="testCases.TC_03_Health" name="displayResponse" time="0.285"/>
  <testcase classname="testCases.TC_03_Health" name="displayAddResponse" time="0.265"/>
  <testcase classname="testBase.BaseClass" name="@AfterTest tearDown" time="0.0">
    <ignored/>
  </testcase> <!-- @AfterTest tearDown -->
  <testcase classname="testBase.BaseClass" name="@AfterTest tearDown" time="0.0">
    <ignored/>
  </testcase> <!-- @AfterTest tearDown -->
  <testcase classname="testBase.BaseClass" name="@BeforeTest setUp" time="0.0">
    <ignored/>
  </testcase> <!-- @BeforeTest setUp -->
  <testcase classname="testBase.BaseClass" name="@BeforeTest setUp" time="0.0">
    <ignored/>
  </testcase> <!-- @BeforeTest setUp -->
</testsuite> <!-- EdgeTest -->
