<?xml version="1.0" encoding="UTF-8"?>
<testng-results ignored="4" total="19" passed="15" failed="0" skipped="0">
  <reporter-output>
  </reporter-output>
  <suite started-at="2024-02-28T06:24:26 IST" name="Suite" finished-at="2024-02-28T06:26:46 IST" duration-ms="140827">
    <groups>
      <group name="regression">
        <method signature="TC_01_DoctorTest.patientFilter()[pri:2, instance:testCases.TC_01_DoctorTest@72e5a8e]" name="patientFilter" class="testCases.TC_01_DoctorTest"/>
        <method signature="TC_02_SurgeryTest.displaySurgeryElements()[pri:2, instance:testCases.TC_02_SurgeryTest@771a660]" name="displaySurgeryElements" class="testCases.TC_02_SurgeryTest"/>
        <method signature="TC_03_HealthTest.displayAddResponse()[pri:5, instance:testCases.TC_03_HealthTest@2d52216b]" name="displayAddResponse" class="testCases.TC_03_HealthTest"/>
        <method signature="TC_03_HealthTest.displayResponse()[pri:4, instance:testCases.TC_03_HealthTest@2d52216b]" name="displayResponse" class="testCases.TC_03_HealthTest"/>
        <method signature="TC_03_HealthTest.negativeTesting()[pri:2, instance:testCases.TC_03_HealthTest@2d52216b]" name="negativeTesting" class="testCases.TC_03_HealthTest"/>
        <method signature="TC_03_HealthTest.positiveTesting()[pri:3, instance:testCases.TC_03_HealthTest@2d52216b]" name="positiveTesting" class="testCases.TC_03_HealthTest"/>
        <method signature="TC_01_DoctorTest.availableFilter()[pri:7, instance:testCases.TC_01_DoctorTest@72e5a8e]" name="availableFilter" class="testCases.TC_01_DoctorTest"/>
        <method signature="TC_01_DoctorTest.displayDoctorInfo()[pri:8, instance:testCases.TC_01_DoctorTest@72e5a8e]" name="displayDoctorInfo" class="testCases.TC_01_DoctorTest"/>
        <method signature="TC_01_DoctorTest.experienceFilter()[pri:3, instance:testCases.TC_01_DoctorTest@72e5a8e]" name="experienceFilter" class="testCases.TC_01_DoctorTest"/>
        <method signature="TC_01_DoctorTest.feesFilter()[pri:5, instance:testCases.TC_01_DoctorTest@72e5a8e]" name="feesFilter" class="testCases.TC_01_DoctorTest"/>
        <method signature="TC_01_DoctorTest.sortFilter()[pri:6, instance:testCases.TC_01_DoctorTest@72e5a8e]" name="sortFilter" class="testCases.TC_01_DoctorTest"/>
      </group> <!-- regression -->
      <group name="sanity">
        <method signature="TC_01_DoctorTest.location()[pri:1, instance:testCases.TC_01_DoctorTest@72e5a8e]" name="location" class="testCases.TC_01_DoctorTest"/>
        <method signature="TC_02_SurgeryTest.displaySurgeryElements()[pri:2, instance:testCases.TC_02_SurgeryTest@771a660]" name="displaySurgeryElements" class="testCases.TC_02_SurgeryTest"/>
        <method signature="TC_02_SurgeryTest.navigateToSurgeries()[pri:1, instance:testCases.TC_02_SurgeryTest@771a660]" name="navigateToSurgeries" class="testCases.TC_02_SurgeryTest"/>
        <method signature="TC_03_HealthTest.navigateToHospital()[pri:1, instance:testCases.TC_03_HealthTest@2d52216b]" name="navigateToHospital" class="testCases.TC_03_HealthTest"/>
        <method signature="TC_03_HealthTest.negativeTesting()[pri:2, instance:testCases.TC_03_HealthTest@2d52216b]" name="negativeTesting" class="testCases.TC_03_HealthTest"/>
        <method signature="TC_03_HealthTest.positiveTesting()[pri:3, instance:testCases.TC_03_HealthTest@2d52216b]" name="positiveTesting" class="testCases.TC_03_HealthTest"/>
        <method signature="TC_01_DoctorTest.allFilters()[pri:4, instance:testCases.TC_01_DoctorTest@72e5a8e]" name="allFilters" class="testCases.TC_01_DoctorTest"/>
        <method signature="TC_01_DoctorTest.displayDoctorInfo()[pri:8, instance:testCases.TC_01_DoctorTest@72e5a8e]" name="displayDoctorInfo" class="testCases.TC_01_DoctorTest"/>
      </group> <!-- sanity -->
    </groups>
    <test started-at="2024-02-28T06:24:26 IST" name="ChromeTest" finished-at="2024-02-28T06:26:46 IST" duration-ms="140827">
      <class name="testCases.TC_02_SurgeryTest">
        <test-method signature="navigateToSurgeries()[pri:1, instance:testCases.TC_02_SurgeryTest@771a660]" started-at="2024-02-28T06:25:32 IST" name="navigateToSurgeries" finished-at="2024-02-28T06:25:37 IST" duration-ms="4870" status="PASS">
          <reporter-output>
          </reporter-output>
        </test-method> <!-- navigateToSurgeries -->
        <test-method signature="displaySurgeryElements()[pri:2, instance:testCases.TC_02_SurgeryTest@771a660]" started-at="2024-02-28T06:25:38 IST" name="displaySurgeryElements" finished-at="2024-02-28T06:26:02 IST" duration-ms="24130" status="PASS">
          <reporter-output>
          </reporter-output>
        </test-method> <!-- displaySurgeryElements -->
      </class> <!-- testCases.TC_02_SurgeryTest -->
      <class name="testCases.TC_01_DoctorTest">
        <test-method is-config="true" signature="initializeBrowser()[pri:0, instance:testCases.TC_01_DoctorTest@72e5a8e]" started-at="2024-02-28T06:24:26 IST" name="initializeBrowser" finished-at="2024-02-28T06:24:42 IST" duration-ms="15809" status="PASS">
          <reporter-output>
          </reporter-output>
        </test-method> <!-- initializeBrowser -->
        <test-method signature="location()[pri:1, instance:testCases.TC_01_DoctorTest@72e5a8e]" started-at="2024-02-28T06:24:42 IST" name="location" finished-at="2024-02-28T06:24:58 IST" duration-ms="15843" status="PASS">
          <reporter-output>
          </reporter-output>
        </test-method> <!-- location -->
        <test-method signature="patientFilter()[pri:2, instance:testCases.TC_01_DoctorTest@72e5a8e]" started-at="2024-02-28T06:24:59 IST" name="patientFilter" finished-at="2024-02-28T06:25:02 IST" depends-on-methods="testCases.TC_01_DoctorTest.location" duration-ms="3477" status="PASS">
          <reporter-output>
          </reporter-output>
        </test-method> <!-- patientFilter -->
        <test-method signature="experienceFilter()[pri:3, instance:testCases.TC_01_DoctorTest@72e5a8e]" started-at="2024-02-28T06:25:03 IST" name="experienceFilter" finished-at="2024-02-28T06:25:08 IST" duration-ms="5585" status="PASS">
          <reporter-output>
          </reporter-output>
        </test-method> <!-- experienceFilter -->
        <test-method signature="allFilters()[pri:4, instance:testCases.TC_01_DoctorTest@72e5a8e]" started-at="2024-02-28T06:25:10 IST" name="allFilters" finished-at="2024-02-28T06:25:13 IST" duration-ms="2346" status="PASS">
          <reporter-output>
          </reporter-output>
        </test-method> <!-- allFilters -->
        <test-method signature="feesFilter()[pri:5, instance:testCases.TC_01_DoctorTest@72e5a8e]" started-at="2024-02-28T06:25:13 IST" name="feesFilter" finished-at="2024-02-28T06:25:15 IST" duration-ms="2105" status="PASS">
          <reporter-output>
          </reporter-output>
        </test-method> <!-- feesFilter -->
        <test-method signature="sortFilter()[pri:6, instance:testCases.TC_01_DoctorTest@72e5a8e]" started-at="2024-02-28T06:25:17 IST" name="sortFilter" finished-at="2024-02-28T06:25:21 IST" duration-ms="4795" status="PASS">
          <reporter-output>
          </reporter-output>
        </test-method> <!-- sortFilter -->
        <test-method signature="availableFilter()[pri:7, instance:testCases.TC_01_DoctorTest@72e5a8e]" started-at="2024-02-28T06:25:22 IST" name="availableFilter" finished-at="2024-02-28T06:25:26 IST" duration-ms="4362" status="PASS">
          <reporter-output>
          </reporter-output>
        </test-method> <!-- availableFilter -->
        <test-method signature="displayDoctorInfo()[pri:8, instance:testCases.TC_01_DoctorTest@72e5a8e]" started-at="2024-02-28T06:25:28 IST" name="displayDoctorInfo" finished-at="2024-02-28T06:25:32 IST" duration-ms="4615" status="PASS">
          <reporter-output>
          </reporter-output>
        </test-method> <!-- displayDoctorInfo -->
        <test-method is-config="true" signature="tearDown()[pri:0, instance:testCases.TC_01_DoctorTest@72e5a8e]" started-at="2024-02-28T06:26:44 IST" name="tearDown" finished-at="2024-02-28T06:26:46 IST" duration-ms="2658" status="PASS">
          <reporter-output>
          </reporter-output>
        </test-method> <!-- tearDown -->
      </class> <!-- testCases.TC_01_DoctorTest -->
      <class name="testCases.TC_03_HealthTest">
        <test-method signature="navigateToHospital()[pri:1, instance:testCases.TC_03_HealthTest@2d52216b]" started-at="2024-02-28T06:26:03 IST" name="navigateToHospital" finished-at="2024-02-28T06:26:10 IST" duration-ms="7351" status="PASS">
          <reporter-output>
          </reporter-output>
        </test-method> <!-- navigateToHospital -->
        <test-method signature="negativeTesting()[pri:2, instance:testCases.TC_03_HealthTest@2d52216b]" started-at="2024-02-28T06:26:11 IST" name="negativeTesting" finished-at="2024-02-28T06:26:18 IST" duration-ms="7119" status="PASS">
          <reporter-output>
          </reporter-output>
        </test-method> <!-- negativeTesting -->
        <test-method signature="positiveTesting()[pri:3, instance:testCases.TC_03_HealthTest@2d52216b]" started-at="2024-02-28T06:26:19 IST" name="positiveTesting" finished-at="2024-02-28T06:26:41 IST" duration-ms="22135" status="PASS">
          <reporter-output>
          </reporter-output>
        </test-method> <!-- positiveTesting -->
        <test-method signature="displayResponse()[pri:4, instance:testCases.TC_03_HealthTest@2d52216b]" started-at="2024-02-28T06:26:41 IST" name="displayResponse" finished-at="2024-02-28T06:26:42 IST" duration-ms="338" status="PASS">
          <reporter-output>
          </reporter-output>
        </test-method> <!-- displayResponse -->
        <test-method signature="displayAddResponse()[pri:5, instance:testCases.TC_03_HealthTest@2d52216b]" started-at="2024-02-28T06:26:42 IST" name="displayAddResponse" finished-at="2024-02-28T06:26:43 IST" duration-ms="1097" status="PASS">
          <reporter-output>
          </reporter-output>
        </test-method> <!-- displayAddResponse -->
      </class> <!-- testCases.TC_03_HealthTest -->
    </test> <!-- ChromeTest -->
  </suite> <!-- Suite -->
</testng-results>
